[    0.000000] Initializing cgroup subsys cpuset
[    0.000000] Initializing cgroup subsys cpu
[    0.000000] Initializing cgroup subsys cpuacct
[    0.000000] Linux version 4.4.0-104-generic (buildd@lgw01-amd64-022) (gcc version 5.4.0 20160609 (Ubuntu 5.4.0-6ubuntu1~16.04.5) ) #127-Ubuntu SMP Mon Dec 11 12:16:42 UTC 2017 (Ubuntu 4.4.0-104.127-generic 4.4.98)
[    0.000000] Command line: BOOT_IMAGE=/boot/vmlinuz-4.4.0-104-generic root=UUID=ce24233e-85c4-4f5b-a084-25bb2493ad65 ro console=tty1 console=ttyS0
[    0.000000] KERNEL supported cpus:
[    0.000000]   Intel GenuineIntel
[    0.000000]   AMD AuthenticAMD
[    0.000000]   Centaur CentaurHauls
[    0.000000] x86/fpu: xstate_offset[2]:  576, xstate_sizes[2]:  256
[    0.000000] x86/fpu: Supporting XSAVE feature 0x01: 'x87 floating point registers'
[    0.000000] x86/fpu: Supporting XSAVE feature 0x02: 'SSE registers'
[    0.000000] x86/fpu: Supporting XSAVE feature 0x04: 'AVX registers'
[    0.000000] x86/fpu: Enabled xstate features 0x7, context size is 832 bytes, using 'standard' format.
[    0.000000] x86/fpu: Using 'lazy' FPU context switches.
[    0.000000] e820: BIOS-provided physical RAM map:
[    0.000000] BIOS-e820: [mem 0x0000000000000000-0x000000000009fbff] usable
[    0.000000] BIOS-e820: [mem 0x000000000009fc00-0x000000000009ffff] reserved
[    0.000000] BIOS-e820: [mem 0x00000000000f0000-0x00000000000fffff] reserved
[    0.000000] BIOS-e820: [mem 0x0000000000100000-0x000000003ffeffff] usable
[    0.000000] BIOS-e820: [mem 0x000000003fff0000-0x000000003fffffff] ACPI data
[    0.000000] BIOS-e820: [mem 0x00000000fec00000-0x00000000fec00fff] reserved
[    0.000000] BIOS-e820: [mem 0x00000000fee00000-0x00000000fee00fff] reserved
[    0.000000] BIOS-e820: [mem 0x00000000fffc0000-0x00000000ffffffff] reserved
[    0.000000] NX (Execute Disable) protection: active
[    0.000000] SMBIOS 2.5 present.
[    0.000000] Hypervisor detected: KVM
[    0.000000] e820: last_pfn = 0x3fff0 max_arch_pfn = 0x400000000
[    0.000000] MTRR: Disabled
[    0.000000] x86/PAT: MTRRs disabled, skipping PAT initialization too.
[    0.000000] CPU MTRRs all blank - virtualized system.
[    0.000000] x86/PAT: Configuration [0-7]: WB  WT  UC- UC  WB  WT  UC- UC  
[    0.000000] found SMP MP-table at [mem 0x0009fff0-0x0009ffff] mapped at [ffff88000009fff0]
[    0.000000] Scanning 1 areas for low memory corruption
[    0.000000] RAMDISK: [mem 0x36232000-0x37110fff]
[    0.000000] ACPI: Early table checksum verification disabled
[    0.000000] ACPI: RSDP 0x00000000000E0000 000024 (v02 VBOX  )
[    0.000000] ACPI: XSDT 0x000000003FFF0030 00003C (v01 VBOX   VBOXXSDT 00000001 ASL  00000061)
[    0.000000] ACPI: FACP 0x000000003FFF00F0 0000F4 (v04 VBOX   VBOXFACP 00000001 ASL  00000061)
[    0.000000] ACPI: DSDT 0x000000003FFF0470 0021C8 (v02 VBOX   VBOXBIOS 00000002 INTL 20100528)
[    0.000000] ACPI: FACS 0x000000003FFF0200 000040
[    0.000000] ACPI: FACS 0x000000003FFF0200 000040
[    0.000000] ACPI: APIC 0x000000003FFF0240 00005C (v02 VBOX   VBOXAPIC 00000001 ASL  00000061)
[    0.000000] ACPI: SSDT 0x000000003FFF02A0 0001CC (v01 VBOX   VBOXCPUT 00000002 INTL 20100528)
[    0.000000] No NUMA configuration found
[    0.000000] Faking a node at [mem 0x0000000000000000-0x000000003ffeffff]
[    0.000000] NODE_DATA(0) allocated [mem 0x3ffeb000-0x3ffeffff]
[    0.000000] kvm-clock: Using msrs 4b564d01 and 4b564d00
[    0.000000] kvm-clock: cpu 0, msr 0:3ffe3001, primary cpu clock
[    0.000000] kvm-clock: using sched offset of 5053587199 cycles
[    0.000000] clocksource: kvm-clock: mask: 0xffffffffffffffff max_cycles: 0x1cd42e4dffb, max_idle_ns: 881590591483 ns
[    0.000000] Zone ranges:
[    0.000000]   DMA      [mem 0x0000000000001000-0x0000000000ffffff]
[    0.000000]   DMA32    [mem 0x0000000001000000-0x000000003ffeffff]
[    0.000000]   Normal   empty
[    0.000000]   Device   empty
[    0.000000] Movable zone start for each node
[    0.000000] Early memory node ranges
[    0.000000]   node   0: [mem 0x0000000000001000-0x000000000009efff]
[    0.000000]   node   0: [mem 0x0000000000100000-0x000000003ffeffff]
[    0.000000] Initmem setup node 0 [mem 0x0000000000001000-0x000000003ffeffff]
[    0.000000] ACPI: PM-Timer IO Port: 0x4008
[    0.000000] IOAPIC[0]: apic_id 2, version 32, address 0xfec00000, GSI 0-23
[    0.000000] ACPI: INT_SRC_OVR (bus 0 bus_irq 0 global_irq 2 dfl dfl)
[    0.000000] ACPI: INT_SRC_OVR (bus 0 bus_irq 9 global_irq 9 high level)
[    0.000000] Using ACPI (MADT) for SMP configuration information
[    0.000000] smpboot: Allowing 2 CPUs, 0 hotplug CPUs
[    0.000000] PM: Registered nosave memory: [mem 0x00000000-0x00000fff]
[    0.000000] PM: Registered nosave memory: [mem 0x0009f000-0x0009ffff]
[    0.000000] PM: Registered nosave memory: [mem 0x000a0000-0x000effff]
[    0.000000] PM: Registered nosave memory: [mem 0x000f0000-0x000fffff]
[    0.000000] e820: [mem 0x40000000-0xfebfffff] available for PCI devices
[    0.000000] Booting paravirtualized kernel on KVM
[    0.000000] clocksource: refined-jiffies: mask: 0xffffffff max_cycles: 0xffffffff, max_idle_ns: 7645519600211568 ns
[    0.000000] setup_percpu: NR_CPUS:512 nr_cpumask_bits:512 nr_cpu_ids:2 nr_node_ids:1
[    0.000000] PERCPU: Embedded 33 pages/cpu @ffff88003fc00000 s98200 r8192 d28776 u1048576
[    0.000000] PV qspinlock hash table entries: 256 (order: 0, 4096 bytes)
[    0.000000] Built 1 zonelists in Node order, mobility grouping on.  Total pages: 257913
[    0.000000] Policy zone: DMA32
[    0.000000] Kernel command line: BOOT_IMAGE=/boot/vmlinuz-4.4.0-104-generic root=UUID=ce24233e-85c4-4f5b-a084-25bb2493ad65 ro console=tty1 console=ttyS0
[    0.000000] PID hash table entries: 4096 (order: 3, 32768 bytes)
[    0.000000] Memory: 997344K/1048120K available (8485K kernel code, 1295K rwdata, 3988K rodata, 1492K init, 1316K bss, 50776K reserved, 0K cma-reserved)
[    0.000000] SLUB: HWalign=64, Order=0-3, MinObjects=0, CPUs=2, Nodes=1
[    0.000000] Hierarchical RCU implementation.
[    0.000000] 	Build-time adjustment of leaf fanout to 64.
[    0.000000] 	RCU restricting CPUs from NR_CPUS=512 to nr_cpu_ids=2.
[    0.000000] RCU: Adjusting geometry for rcu_fanout_leaf=64, nr_cpu_ids=2
[    0.000000] NR_IRQS:33024 nr_irqs:440 16
[    0.000000] Console: colour VGA+ 80x25
[    0.000000] console [tty1] enabled
[    0.000000] console [ttyS0] enabled
[    0.000000] tsc: Detected 1796.629 MHz processor
[    0.000000] tsc: Marking TSC unstable due to TSCs unsynchronized
[    0.012000] Calibrating delay loop (skipped) preset value.. 3593.25 BogoMIPS (lpj=7186516)
[    0.016018] pid_max: default: 32768 minimum: 301
[    0.020034] ACPI: Core revision 20150930
[    0.028184] ACPI: 2 ACPI AML tables successfully acquired and loaded
[    0.036548] Security Framework initialized
[    0.040014] Yama: becoming mindful.
[    0.044054] AppArmor: AppArmor initialized
[    0.048269] Dentry cache hash table entries: 131072 (order: 8, 1048576 bytes)
[    0.052326] Inode-cache hash table entries: 65536 (order: 7, 524288 bytes)
[    0.060115] Mount-cache hash table entries: 2048 (order: 2, 16384 bytes)
[    0.064029] Mountpoint-cache hash table entries: 2048 (order: 2, 16384 bytes)
[    0.068306] Initializing cgroup subsys io
[    0.072029] Initializing cgroup subsys memory
[    0.076041] Initializing cgroup subsys devices
[    0.080028] Initializing cgroup subsys freezer
[    0.084027] Initializing cgroup subsys net_cls
[    0.088027] Initializing cgroup subsys perf_event
[    0.092028] Initializing cgroup subsys net_prio
[    0.096036] Initializing cgroup subsys hugetlb
[    0.100024] Initializing cgroup subsys pids
[    0.104217] CPU: Physical Processor ID: 0
[    0.108014] CPU: Processor Core ID: 0
[    0.112019] mce: CPU supports 0 MCE banks
[    0.116046] Last level iTLB entries: 4KB 512, 2MB 1024, 4MB 512
[    0.120016] Last level dTLB entries: 4KB 1024, 2MB 1024, 4MB 512, 1GB 0
[    0.130603] Freeing SMP alternatives memory: 32K
[    0.148424] ftrace: allocating 32158 entries in 126 pages
[    0.168142] smpboot: APIC(0) Converting physical 0 to logical package 0
[    0.172019] smpboot: Max logical packages: 1
[    0.176555] x2apic enabled
[    0.180016] Switched APIC routing to physical x2apic.
[    0.190118] ..TIMER: vector=0x30 apic1=0 pin1=2 apic2=-1 pin2=-1
[    0.196000] APIC calibration not consistent with PM-Timer: 98ms instead of 100ms
[    0.196000] APIC delta adjusted to PM-Timer: 6358075 (6249299)
[    0.196128] smpboot: CPU0: AMD A10-8700P Radeon R6, 10 Compute Cores 4C+6G (family: 0x15, model: 0x60, stepping: 0x1)
[    0.212022] Performance Events: Broken PMU hardware detected, using software events only.
[    0.220011] Failed to access perfctr msr (MSR c0010007 is 0)
[    0.224058] KVM setup paravirtual spinlock
[    0.232480] x86: Booting SMP configuration:
[    0.236013] .... node  #0, CPUs:      #1
[    0.012000] kvm-clock: cpu 1, msr 0:3ffe3041, secondary cpu clock
[    0.012000] mce: CPU supports 0 MCE banks
[    0.383107] x86: Booted up 1 node, 2 CPUs
[    0.384012] smpboot: Total of 2 processors activated (7186.51 BogoMIPS)
[    0.388578] devtmpfs: initialized
[    0.443203] evm: security.selinux
[    0.528021] evm: security.SMACK64
[    0.580009] evm: security.SMACK64EXEC
[    0.596008] evm: security.SMACK64TRANSMUTE
[    0.612010] evm: security.SMACK64MMAP
[    0.628012] evm: security.ima
[    0.644013] evm: security.capability
[    0.664164] clocksource: jiffies: mask: 0xffffffff max_cycles: 0xffffffff, max_idle_ns: 7645041785100000 ns
[    0.668042] futex hash table entries: 512 (order: 3, 32768 bytes)
[    0.672143] pinctrl core: initialized pinctrl subsystem
[    0.676236] RTC time:  4:00:37, date: 12/23/17
[    0.684154] NET: Registered protocol family 16
[    0.704022] cpuidle: using governor ladder
[    0.716033] cpuidle: using governor menu
[    0.728020] PCCT header not found.
[    0.736506] ACPI: bus type PCI registered
[    0.740006] acpiphp: ACPI Hot Plug PCI Controller Driver version: 0.5
[    0.744045] PCI: Using configuration type 1 for base access
[    0.752010] PCI: Using configuration type 1 for extended access
[    0.768152] ACPI: Added _OSI(Module Device)
[    0.772014] ACPI: Added _OSI(Processor Device)
[    0.776012] ACPI: Added _OSI(3.0 _SCP Extensions)
[    0.780013] ACPI: Added _OSI(Processor Aggregator Device)
[    0.789454] ACPI: Executed 1 blocks of module-level executable AML code
[    0.801265] ACPI: Interpreter enabled
[    0.804042] ACPI: (supports S0 S5)
[    0.808013] ACPI: Using IOAPIC for interrupt routing
[    0.812399] PCI: Using host bridge windows from ACPI; if necessary, use "pci=nocrs" and report a bug
[    0.826111] ACPI: PCI Root Bridge [PCI0] (domain 0000 [bus 00-ff])
[    0.828050] acpi PNP0A03:00: _OSC: OS supports [ExtendedConfig ASPM ClockPM Segments MSI]
[    0.832033] acpi PNP0A03:00: _OSC failed (AE_NOT_FOUND); disabling ASPM
[    0.836565] PCI host bridge to bus 0000:00
[    0.840018] pci_bus 0000:00: root bus resource [io  0x0000-0x0cf7 window]
[    0.844019] pci_bus 0000:00: root bus resource [io  0x0d00-0xffff window]
[    0.848021] pci_bus 0000:00: root bus resource [mem 0x000a0000-0x000bffff window]
[    0.852022] pci_bus 0000:00: root bus resource [mem 0x40000000-0xffdfffff window]
[    0.856017] pci_bus 0000:00: root bus resource [bus 00-ff]
[    0.864903] pci 0000:00:01.1: legacy IDE quirk: reg 0x10: [io  0x01f0-0x01f7]
[    0.868017] pci 0000:00:01.1: legacy IDE quirk: reg 0x14: [io  0x03f6]
[    0.872021] pci 0000:00:01.1: legacy IDE quirk: reg 0x18: [io  0x0170-0x0177]
[    0.876020] pci 0000:00:01.1: legacy IDE quirk: reg 0x1c: [io  0x0376]
[    0.918003] pci 0000:00:07.0: quirk: [io  0x4000-0x403f] claimed by PIIX4 ACPI
[    0.920125] pci 0000:00:07.0: quirk: [io  0x4100-0x410f] claimed by PIIX4 SMB
[    0.953794] ACPI: PCI Interrupt Link [LNKA] (IRQs 5 9 10 *11)
[    0.965201] ACPI: PCI Interrupt Link [LNKB] (IRQs 5 9 10 *11)
[    0.974227] ACPI: PCI Interrupt Link [LNKC] (IRQs 5 9 *10 11)
[    0.984903] ACPI: PCI Interrupt Link [LNKD] (IRQs 5 *9 10 11)
[    0.996933] ACPI: Enabled 2 GPEs in block 00 to 07
[    1.000277] vgaarb: setting as boot device: PCI:0000:00:02.0
[    1.004000] vgaarb: device added: PCI:0000:00:02.0,decodes=io+mem,owns=io+mem,locks=none
[    1.004016] vgaarb: loaded
[    1.008013] vgaarb: bridge control possible 0000:00:02.0
[    1.012471] SCSI subsystem initialized
[    1.016166] ACPI: bus type USB registered
[    1.020075] usbcore: registered new interface driver usbfs
[    1.024165] usbcore: registered new interface driver hub
[    1.028099] usbcore: registered new device driver usb
[    1.032165] PCI: Using ACPI for IRQ routing
[    1.036660] NetLabel: Initializing
[    1.040014] NetLabel:  domain hash size = 128
[    1.044012] NetLabel:  protocols = UNLABELED CIPSOv4
[    1.048368] NetLabel:  unlabeled traffic allowed by default
[    1.052130] amd_nb: Cannot enumerate AMD northbridges
[    1.056949] clocksource: Switched to clocksource kvm-clock
[    1.133819] AppArmor: AppArmor Filesystem Enabled
[    1.157247] pnp: PnP ACPI init
[    1.176594] pnp: PnP ACPI: found 3 devices
[    1.229471] clocksource: acpi_pm: mask: 0xffffff max_cycles: 0xffffff, max_idle_ns: 2085701024 ns
[    1.313612] NET: Registered protocol family 2
[    1.351759] TCP established hash table entries: 8192 (order: 4, 65536 bytes)
[    1.403610] TCP bind hash table entries: 8192 (order: 5, 131072 bytes)
[    1.452005] TCP: Hash tables configured (established 8192 bind 8192)
[    1.572981] UDP hash table entries: 512 (order: 2, 16384 bytes)
[    1.685629] UDP-Lite hash table entries: 512 (order: 2, 16384 bytes)
[    1.791362] NET: Registered protocol family 1
[    1.875403] pci 0000:00:00.0: Limiting direct PCI/PCI transfers
[    1.937602] pci 0000:00:01.0: Activating ISA DMA hang workarounds
[    2.006533] Unpacking initramfs...
[    3.106314] Freeing initrd memory: 15228K
[    3.152242] clocksource: tsc: mask: 0xffffffffffffffff max_cycles: 0x19e5b90921d, max_idle_ns: 440795205948 ns
[    3.244137] platform rtc_cmos: registered platform RTC device (no PNP device found)
[    3.244201] Scanning for low memory corruption every 60 seconds
[    3.244775] audit: initializing netlink subsys (disabled)
[    3.244805] audit: type=2000 audit(1514001635.772:1): initialized
[    3.245292] Initialise system trusted keyring
[    3.245510] HugeTLB registered 2 MB page size, pre-allocated 0 pages
[    3.248027] zbud: loaded
[    3.248754] VFS: Disk quotas dquot_6.6.0
[    3.248814] VFS: Dquot-cache hash table entries: 512 (order 0, 4096 bytes)
[    3.249370] squashfs: version 4.0 (2009/01/31) Phillip Lougher
[    3.249925] fuse init (API version 7.23)
[    3.250163] Key type big_key registered
[    3.250193] Allocating IMA MOK and blacklist keyrings.
[    3.250682] Key type asymmetric registered
[    3.250686] Asymmetric key parser 'x509' registered
[    3.250771] Block layer SCSI generic (bsg) driver version 0.4 loaded (major 249)
[    3.250815] io scheduler noop registered
[    3.250818] io scheduler deadline registered (default)
[    3.250873] io scheduler cfq registered
[    3.251080] pci_hotplug: PCI Hot Plug PCI Core version: 0.5
[    3.251089] pciehp: PCI Express Hot Plug Controller Driver version: 0.4
[    3.251355] ACPI: AC Adapter [AC] (on-line)
[    3.263643] input: Power Button as /devices/LNXSYSTM:00/LNXPWRBN:00/input/input0
[    3.263648] ACPI: Power Button [PWRF]
[    3.263820] input: Sleep Button as /devices/LNXSYSTM:00/LNXSLPBN:00/input/input1
[    3.263822] ACPI: Sleep Button [SLPF]
[    3.267253] ACPI: Battery Slot [BAT0] (battery present)
[    3.267361] GHES: HEST is not enabled!
[    3.267593] Serial: 8250/16550 driver, 32 ports, IRQ sharing enabled
[    3.343971] 00:02: ttyS0 at I/O 0x3f8 (irq = 4, base_baud = 115200) is a 16550A
[    3.395393] Linux agpgart interface v0.103
[    3.451115] loop: module loaded
[    3.452933] scsi host0: ata_piix
[    3.453378] scsi host1: ata_piix
[    3.453437] ata1: PATA max UDMA/33 cmd 0x1f0 ctl 0x3f6 bmdma 0xd000 irq 14
[    3.453439] ata2: PATA max UDMA/33 cmd 0x170 ctl 0x376 bmdma 0xd008 irq 15
[    3.453591] libphy: Fixed MDIO Bus: probed
[    3.453594] tun: Universal TUN/TAP device driver, 1.6
[    3.453595] tun: (C) 1999-2004 Max Krasnyansky <maxk@qualcomm.com>
[    3.454282] PPP generic driver version 2.4.2
[    3.454407] ehci_hcd: USB 2.0 'Enhanced' Host Controller (EHCI) Driver
[    3.454414] ehci-pci: EHCI PCI platform driver
[    3.454430] ehci-platform: EHCI generic platform driver
[    3.454443] ohci_hcd: USB 1.1 'Open' Host Controller (OHCI) Driver
[    3.454447] ohci-pci: OHCI PCI platform driver
[    3.454465] ohci-platform: OHCI generic platform driver
[    3.454477] uhci_hcd: USB Universal Host Controller Interface driver
[    3.454572] i8042: PNP: PS/2 Controller [PNP0303:PS2K,PNP0f03:PS2M] at 0x60,0x64 irq 1,12
[    3.484096] serio: i8042 KBD port at 0x60,0x64 irq 1
[    3.484110] serio: i8042 AUX port at 0x60,0x64 irq 12
[    3.484498] mousedev: PS/2 mouse device common for all mice
[    3.485117] rtc_cmos rtc_cmos: rtc core: registered rtc_cmos as rtc0
[    3.485283] rtc_cmos rtc_cmos: alarms up to one day, 114 bytes nvram
[    3.485303] i2c /dev entries driver
[    3.485405] device-mapper: uevent: version 1.0.3
[    3.485516] device-mapper: ioctl: 4.34.0-ioctl (2015-10-28) initialised: dm-devel@redhat.com
[    3.485542] ledtrig-cpu: registered to indicate activity on CPUs
[    3.486018] NET: Registered protocol family 10
[    3.486264] NET: Registered protocol family 17
[    3.486279] Key type dns_resolver registered
[    3.487530] microcode: CPU0: patch_level=0x06000626
[    3.549591] microcode: CPU1: patch_level=0x06000626
[    3.549701] microcode: Microcode Update Driver: v2.01 <tigran@aivazian.fsnet.co.uk>, Peter Oruba
[    3.549937] registered taskstats version 1
[    3.549959] Loading compiled-in X.509 certificates
[    3.551071] Loaded X.509 cert 'Build time autogenerated kernel key: 8537ad706776f532219d7336343c968b9f82f7c7'
[    3.551106] zswap: loaded using pool lzo/zbud
[    3.559668] Key type trusted registered
[    3.566601] Key type encrypted registered
[    3.566616] AppArmor: AppArmor sha1 policy hashing enabled
[    3.566621] ima: No TPM chip found, activating TPM-bypass!
[    3.566659] evm: HMAC attrs: 0x1
[    3.567407]   Magic number: 13:149:10
[    3.589206] rtc_cmos rtc_cmos: setting system clock to 2017-12-23 04:00:43 UTC (1514001643)
[    3.589485] BIOS EDD facility v0.16 2004-Jun-25, 0 devices found
[    3.589486] EDD information not available.
[    3.763537] input: AT Translated Set 2 keyboard as /devices/platform/i8042/serio0/input/input2
[    6.880882] Freeing unused kernel memory: 1492K
[    6.988681] Write protecting the kernel read-only data: 14336k
[    7.027929] Freeing unused kernel memory: 1744K
[    7.053918] Freeing unused kernel memory: 108K
Loading, please wait...
starting version[    7.173274] random: systemd-udevd: uninitialized urandom read (16 bytes read, 4 bits of entropy available)
 229
[    7.174990] random: udevadm: uninitialized urandom read (16 bytes read, 4 bits of entropy available)
[    7.175149] random: udevadm: uninitialized urandom read (16 bytes read, 4 bits of entropy available)
[    7.175403] random: udevadm: uninitialized urandom read (16 bytes read, 4 bits of entropy available)
[    7.175490] random: udevadm: uninitialized urandom read (16 bytes read, 4 bits of entropy available)
[    7.175657] random: udevadm: uninitialized urandom read (16 bytes read, 4 bits of entropy available)
[    7.175759] random: udevadm: uninitialized urandom read (16 bytes read, 4 bits of entropy available)
[    7.175844] random: udevadm: uninitialized urandom read (16 bytes read, 4 bits of entropy available)
[    7.175929] random: udevadm: uninitialized urandom read (16 bytes read, 4 bits of entropy available)
[    7.176012] random: udevadm: uninitialized urandom read (16 bytes read, 4 bits of entropy available)
[    8.053262] Fusion MPT base driver 3.04.20
[    8.166145] Copyright (c) 1999-2008 LSI Corporation
[    8.272233] e1000: Intel(R) PRO/1000 Network Driver - version 7.3.21-k8-NAPI
[    8.276480] e1000: Copyright (c) 1999-2006 Intel Corporation.
[    8.490693] Fusion MPT SPI Host driver 3.04.20
[    8.562614] input: ImExPS/2 Generic Explorer Mouse as /devices/platform/i8042/serio1/input/input4
[    8.773587] AVX version of gcm_enc/dec engaged.
[    8.845878] AES CTR mode by8 optimization enabled
[    9.302048] e1000 0000:00:03.0 eth0: (PCI:33MHz:32-bit) 02:04:e4:df:e4:d8
[    9.338316] e1000 0000:00:03.0 eth0: Intel(R) PRO/1000 Network Connection
[    9.393704] mptbase: ioc0: Initiating bringup
[    9.474796] ioc0: LSI53C1030 A0: Capabilities={Initiator}
[    9.683244] scsi host2: ioc0: LSI53C1030 A0, FwRev=00000000h, Ports=1, MaxQ=256, IRQ=20
[    9.860498] scsi 2:0:0:0: Direct-Access     VBOX     HARDDISK         1.0  PQ: 0 ANSI: 5
[    9.881916] scsi target2:0:0: Beginning Domain Validation
[    9.916267] scsi target2:0:0: Domain Validation skipping write tests
[    9.984604] scsi target2:0:0: Ending Domain Validation
[   10.017274] scsi target2:0:0: asynchronous
[   10.055215] scsi 2:0:1:0: Direct-Access     VBOX     HARDDISK         1.0  PQ: 0 ANSI: 5
[   10.096265] scsi target2:0:1: Beginning Domain Validation
[   10.244059] scsi target2:0:1: Domain Validation skipping write tests
[   10.365328] scsi target2:0:1: Ending Domain Validation
[   10.383213] scsi target2:0:1: asynchronous
[   10.452098] sd 2:0:0:0: Attached scsi generic sg0 type 0
[   10.453382] sd 2:0:0:0: [sda] 20971520 512-byte logical blocks: (10.7 GB/10.0 GiB)
[   10.453664] sd 2:0:0:0: [sda] Write Protect is off
[   10.453844] sd 2:0:0:0: [sda] Incomplete mode parameter data
[   10.453847] sd 2:0:0:0: [sda] Assuming drive cache: write through
[   10.490825]  sda: sda1
[   10.501633] sd 2:0:0:0: [sda] Attached SCSI disk
[   10.502294] e1000 0000:00:08.0 eth1: (PCI:33MHz:32-bit) 08:00:27:7f:53:4f
[   10.502302] e1000 0000:00:08.0 eth1: Intel(R) PRO/1000 Network Connection
[   10.512162] e1000 0000:00:03.0 enp0s3: renamed from eth0
[   10.819841] sd 2:0:1:0: Attached scsi generic sg1 type 0
[   10.859834] sd 2:0:1:0: [sdb] 20480 512-byte logical blocks: (10.5 MB/10.0 MiB)
[   10.975798] sd 2:0:1:0: [sdb] Write Protect is off
[   10.977120] e1000 0000:00:08.0 enp0s8: renamed from eth1
[   11.183536] sd 2:0:1:0: [sdb] Incomplete mode parameter data
[   11.276818] floppy0: no floppy controllers found
[   11.276920] work still pending
[   11.402405] sd 2:0:1:0: [sdb] Assuming drive cache: write through
[   11.505124] sd 2:0:1:0: [sdb] Attached SCSI disk
Begin: Loading e[   13.357298] md: linear personality registered for level -1
ssential drivers[   13.511460] md: multipath personality registered for level -4
 ... [   13.630330] md: raid0 personality registered for level 0
[   13.713063] md: raid1 personality registered for level 1
[   13.836656] raid6: sse2x1   gen()  4256 MB/s
[   13.940559] raid6: sse2x1   xor()  3137 MB/s
[   14.128699] raid6: sse2x2   gen()  5823 MB/s
[   14.300554] raid6: sse2x2   xor()  4081 MB/s
[   14.388348] raid6: sse2x4   gen()  4734 MB/s
[   14.500269] raid6: sse2x4   xor()  2474 MB/s
[   14.599135] raid6: using algorithm sse2x2 gen() 5823 MB/s
[   14.700075] raid6: .... xor() 4081 MB/s, rmw enabled
[   14.755247] raid6: using ssse3x2 recovery algorithm
[   14.820980] xor: automatically using best checksumming function:
[   14.936369]    avx       :   517.000 MB/sec
[   14.948088] async_tx: api initialized (async)
[   14.997410] md: raid6 personality registered for level 6
[   15.069312] md: raid5 personality registered for level 5
[   15.126516] md: raid4 personality registered for level 4
[   15.192143] md: raid10 personality registered for level 10
done.
Begin: Running /scripts/init-premount ... done.
Begin: Mounting root file system ... Begin: Running /scripts/local-top ... do[   15.306020] Btrfs loaded
ne.
Begin: Running /scripts/local-premount ... Scanning for Btrfs filesystems
done.
Warning: fsck no[   15.444249] EXT4-fs (sda1): INFO: recovery required on readonly filesystem
t present, so sk[   15.485895] EXT4-fs (sda1): write access will be enabled during recovery
ipping root file system
[   15.692496] EXT4-fs (sda1): orphan cleanup on readonly fs
[   15.769858] EXT4-fs (sda1): 6 orphan inodes deleted
[   15.825310] EXT4-fs (sda1): recovery complete
[   15.875293] EXT4-fs (sda1): mounted filesystem with ordered data mode. Opts: (null)
done.
Begin: Running /scripts/local-bottom ... done.
Begin: Running /scripts/init-bottom ... done.
[   16.402914] random: nonblocking pool is initialized
[   16.994277] systemd[1]: systemd 229 running in system mode. (+PAM +AUDIT +SELINUX +IMA +APPARMOR +SMACK +SYSVINIT +UTMP +LIBCRYPTSETUP +GCRYPT +GNUTLS +ACL +XZ -LZ4 +SECCOMP +BLKID +ELFUTILS +KMOD -IDN)
[   17.422189] systemd[1]: Detected virtualization oracle.
[   17.561885] systemd[1]: Detected architecture x86-64.

Welcome to [1mUbuntu 16.04.3 LTS[0m!

[   17.761887] systemd[1]: Set hostname to <ubuntu-xenial>.
[   19.238890] systemd[1]: Listening on /dev/initctl Compatibility Named Pipe.
[[0;32m  OK  [0m] Listening on /dev/initctl Compatibility Named Pipe.
[   19.337069] systemd[1]: Listening on Device-mapper event daemon FIFOs.
[[0;32m  OK  [0m] Listening on Device-mapper event daemon FIFOs.
[   19.437219] systemd[1]: Started Forward Password Requests to Wall Directory Watch.
[[0;32m  OK  [0m] Started Forward Password Requests to Wall Directory Watch.
[   19.584811] systemd[1]: Reached target Swap.
[[0;32m  OK  [0m] Reached target Swap.
[   19.664578] systemd[1]: Reached target Encrypted Volumes.
[[0;32m  OK  [0m] Reached target Encrypted Volumes.
[   19.728886] systemd[1]: Listening on LVM2 metadata daemon socket.
[[0;32m  OK  [0m] Listening on LVM2 metadata daemon socket.
[   19.860787] systemd[1]: Listening on udev Control Socket.
[[0;32m  OK  [0m] Listening on udev Control Socket.
[   19.940943] systemd[1]: Listening on LVM2 poll daemon socket.
[[0;32m  OK  [0m] Listening on LVM2 poll daemon socket.
[   20.025179] systemd[1]: Listening on Journal Socket.
[[0;32m  OK  [0m] Listening on Journal Socket.
[   20.181074] systemd[1]: Reached target User and Group Name Lookups.
[[0;32m  OK  [0m] Reached target User and Group Name Lookups.
[   20.288867] systemd[1]: Listening on udev Kernel Socket.
[[0;32m  OK  [0m] Listening on udev Kernel Socket.
[   20.341104] systemd[1]: Created slice System Slice.
[[0;32m  OK  [0m] Created slice System Slice.
[   20.404503] systemd[1]: Starting Monitoring of LVM2 mirrors, snapshots etc. using dmeventd or progress polling...
         Starting Monitoring of LVM2 mirrors... dmeventd or progress polling...
[   20.568324] systemd[1]: Starting Nameserver information manager...
         Starting Nameserver information manager...
[   20.701333] systemd[1]: Created slice system-serial\x2dgetty.slice.
[[0;32m  OK  [0m] Created slice system-serial\x2dgetty.slice.
[   20.824265] systemd[1]: Mounting POSIX Message Queue File System...
         Mounting POSIX Message Queue File System...
[   21.000918] systemd[1]: Mounting Debug File System...
         Mounting Debug File System...
[   21.101797] systemd[1]: Starting Set console keymap...
         Starting Set console keymap...
[   21.252813] systemd[1]: Starting Create list of required static device nodes for the current kernel...
         Starting Create list of required st... nodes for the current kernel...
[   21.346125] systemd[1]: Created slice User and Session Slice.
[[0;32m  OK  [0m] Created slice User and Session Slice.
[   21.444847] systemd[1]: Mounting Huge Pages File System...
         Mounting Huge Pages File System...
[   21.516796] systemd[1]: Listening on Journal Audit Socket.
[[0;32m  OK  [0m] Listening on Journal Audit Socket.
[   21.588976] systemd[1]: Listening on Journal Socket (/dev/log).
[[0;32m  OK  [0m] Listening on Journal Socket (/dev/log).
[   21.724773] systemd[1]: Starting Load Kernel Modules...
         Starting Load Kernel Modules...
[   21.840744] systemd[1]: Starting Uncomplicated firewall...
         [   21.987230] Loading iSCSI transport class v2.0-870.
Starting Uncomplicated firewall...
[   22.056580] systemd[1]: Started Trigger resolvconf update for networkd DNS.
[   22.081921] iscsi: registered transport (tcp)
[[0;32m  OK  [0m] Started Trigger resolvconf update for networkd DNS.
[   22.176748] systemd[1]: Starting Remount Root and Kernel File Systems...
         Startin[   22.202164] EXT4-fs (sda1): re-mounted. Opts: (null)
g Remount Root and Kernel File Systems...
[   22.238433] iscsi: registered transport (iser)
[   22.340315] systemd[1]: Reached target Slices.
[[0;32m  OK  [0m] Reached target Slices.
[   22.457504] systemd[1]: Listening on Syslog Socket.
[[0;32m  OK  [0m] Listening on Syslog Socket.
[   22.548734] systemd[1]: Starting Journal Service...
         Starting Journal Service...
[   22.650620] systemd[1]: Set up automount Arbitrary Executable File Formats File System Automount Point.
[[0;32m  OK  [0m] Set up automount Arbitrary Executab...ats File System Automount Point.
[   22.774620] systemd[1]: Mounted Huge Pages File System.
[[0;32m  OK  [0m] Mounted Huge Pages File System.
[   22.965364] systemd[1]: Mounted POSIX Message Queue File System.
[[0;32m  OK  [0m] Mounted POSIX Message Queue File System.
[   23.180978] systemd[1]: Mounted Debug File System.
[[0;32m  OK  [0m] Mounted Debug File System.
[   23.280929] systemd[1]: Started Journal Service.
[[0;32m  OK  [0m] Started Journal Service.
[[0;32m  OK  [0m] Started Set console keymap.
[[0;32m  OK  [0m] Started Create list of required sta...ce nodes for the current kernel.
[[0;32m  OK  [0m] Started Load Kernel Modules.
[[0;32m  OK  [0m] Started Uncomplicated firewall.
[[0;32m  OK  [0m] Started Remount Root and Kernel File Systems.
[[0;32m  OK  [0m] Started Nameserver information manager.
[[0;32m  OK  [0m] Started LVM2 metadata daemon.
         Starting Load/Save Random Seed...
         Starting udev Coldplug all Devices...
         Starting Initial cloud-init job (pre-networking)...
         Starting Apply Kernel Variables...
         Mounting FUSE Control File System...
         Starting Create Static Device Nodes in /dev...
         Starting Flush Journal to Persistent Storage...
[[0;32m  OK  [0m] Mounted FUSE Control File System.
[[0;32m  OK  [0m] Started Load/Save Random Seed.
[[0;32m  OK  [0m] Started Apply Kernel Variables.
[[0;32m  OK  [0m] Started udev Coldplug all Devices.
[[0;32m  OK  [0m] Started Monitoring of LVM2 mirrors,...ng dmeventd or progress polling.
[[0;32m  OK  [0m] Started Flush Journal to Persistent Storage.
[[0;32m  OK  [0m] Started Create Static Device Nodes in /dev.
         Starting udev Kernel Device Manager...
[[0;32m  OK  [0m] Started udev Kernel Device Manager.
[[0;32m  OK  [0m] Reached target Local File Systems (Pre).
[[0;32m  OK  [0m] Reached target Local File Systems.
         Starting Create Volatile Files and Directories...
         Starting Set console font and keymap...
         Starting Tell Plymouth To Write Out Runtime Data...
         Starting LSB: AppArmor initialization...
[[0;32m  OK  [0m] Started Dispatch Password Requests to Console Directory Watch.
[[0;32m  OK  [0m] Started Tell Plymouth To Write Out Runtime Data.
[[0;32m  OK  [0m] Found device /dev/ttyS0.
[[0;32m  OK  [0m] Started Create Volatile Files and Directories.
[[0;32m  OK  [0m] Reached target System Time Synchronized.
         Starting Update UTMP about System Boot/Shutdown...
[[0;32m  OK  [0m] Started Update UTMP about System Boot/Shutdown.
[[0;32m  OK  [0m] Found device 82540EM Gigabit Ethern...r (PRO/1000 MT Desktop Adapter).
[[0;32m  OK  [0m] Found device 82540EM Gigabit Ethern...r (PRO/1000 MT Desktop Adapter).
[[0;32m  OK  [0m] Listening on Load/Save RF Kill Switch Status /dev/rfkill Watch.
[[0;32m  OK  [0m] Started Set console font and keymap.
[[0;32m  OK  [0m] Created slice system-getty.slice.
[[0;32m  OK  [0m] Started LSB: AppArmor initialization.
[   35.561343] cloud-init[446]: Cloud-init v. 0.7.9 running 'init-local' at Sat, 23 Dec 2017 04:01:14 +0000. Up 34.27 seconds.
[[0;32m  OK  [0m] Started Initial cloud-init job (pre-networking).
[[0;32m  OK  [0m] Reached target Network (Pre).
[[0;32m  OK  [0m] Started ifup for enp0s3.
[[0;32m  OK  [0m] Started ifup for enp0s8.
         Starting Raise network interfaces...
[[0;32m  OK  [0m] Started Raise network interfaces.
[[0;32m  OK  [0m] Reached target Network.
         Starting Initial cloud-init job (metadata service crawler)...
[   39.613004] cloud-init[1057]: Cloud-init v. 0.7.9 running 'init' at Sat, 23 Dec 2017 04:01:16 +0000. Up 37.00 seconds.
[   39.728859] cloud-init[1057]: ci-info: ++++++++++++++++++++++++++++++++++++++Net device info++++++++++++++++++++++++++++++++++++++
[   39.729425] cloud-init[1057]: ci-info: +--------+------+-----------------------------+---------------+-------+-------------------+
[[0;32m  OK  [0m] Started Initial cloud-init job (metadata service crawler).
[   39.729761] cloud-init[1057]: ci-info: | Device |  Up  |           Address           |      Mask     | Scope |     Hw-Address    |
[   40.124779] cloud-init[1057]: ci-info: +--------+------+-----------------------------+---------------+-------+-------------------+
[   40.125319] cloud-init[1057]: ci-info: | enp0s8 | True |        192.168.99.99        | 255.255.255.0 |   .   | 08:00:27:7f:53:4f |
[[0;32m  OK  [0m] Reached target Cloud-config availability.
[   40.125731] cloud-init[1057]: ci-info: | enp0s8 | True | fe80::a00:27ff:fe7f:534f/64 |       .       |  link | 08:00:27:7f:53:4f |
[[0;32m  OK  [0m] Reached target Network is Online.
[   40.409752] cloud-init[1057]: ci-info: | enp0s3 | True |          10.0.2.15          | 255.255.255.0 |   .   | 02:04:e4:df:e4:d8 |
[   40.648778] cloud-init[1057]: ci-info: | enp0s3 | True |  fe80::4:e4ff:fedf:e4d8/64  |       .       |  link | 02:04:e4:df:e4:d8 |
         Starting iSCSI initiator daemon (iscsid)...
[[0;32m  OK  [0m] Reached target System Initialization.
[   40.649612] cloud-init[1057]: ci-info: |   lo   | True |          127.0.0.1          |   255.0.0.0   |   .   |         .         |
[   40.886681] cloud-init[1057]: ci-info: |   lo   | True |           ::1/128           |       .       |  host |         .         |
[   41.008917] [cloud-init[0;32m  OK  [0m[1057]: ] ci-info: +--------+------+-----------------------------+---------------+-------+-------------------+Started Daily apt download activities.

[   41.009821] [cloud-init[0;32m  OK  [0m[1057]: ] ci-info: ++++++++++++++++++++++++++++Route IPv4 info++++++++++++++++++++++++++++Listening on D-Bus System Message Bus Socket.

         Starting Socket activation for snappy daemon.
[[0;32m  OK  [0m] Listening on UUID daemon activation socket.
[   41.165874] cloud-init[1057]: ci-info: +-------+--------------+----------+---------------+-----------+-------+
[   41.465246] [cloud-init[0;32m  OK  [0m[1057]: ] ci-info: | Route | Destination  | Gateway  |    Genmask    | Interface | Flags |Started Timer to automatically refresh installed snaps.

[   41.466374] cloud-init[1057]: ci-info: +-------+--------------+----------+---------------+-----------+-------+
[[0;32m  OK  [0m] Started ACPI Events Check.
[   41.690215] cloud-init[1057]: ci-info: |   0   |   0.0.0.0    | 10.0.2.2 |    0.0.0.0    |   enp0s3  |   UG  |
[[0;32m  OK  [0m] Reached target Paths.
[[0;32m  OK  [0m] Started Daily apt upgrade and clean activities.
[   41.691546] cloud-init[1057]: ci-info: |   1   |   10.0.2.0   | 0.0.0.0  | 255.255.255.0 |   enp0s3  |   U   |
[   41.981174]          cloud-initStarting LXD - unix socket.[1057]: 
ci-info: |   2   | 192.168.99.0 | 0.0.0.0  | 255.255.255.0 |   enp0s8  |   U   |
[   42.088964] [cloud-init[0;32m  OK  [0m[1057]: ] ci-info: +-------+--------------+----------+---------------+-----------+-------+Started Daily Cleanup of Temporary Directories.

[[0;32m  OK  [0m] Reached target Timers.
[[0;32m  OK  [0m] Listening on ACPID Listen Socket.
[[0;32m  OK  [0m] Listening on Socket activation for snappy daemon.
[[0;32m  OK  [0m] Listening on LXD - unix socket.
[[0;32m  OK  [0m] Started iSCSI initiator daemon (iscsid).
         Starting Login to default iSCSI targets...
[[0;32m  OK  [0m] Reached target Sockets.
[[0;32m  OK  [0m] Reached target Basic System.
         Starting System Logging Service...
         Starting OpenBSD Secure Shell server...
         Starting LXD - container startup/shutdown...
         Starting vboxadd.service...
[[0;32m  OK  [0m] Started Deferred execution scheduler.
         Starting A high performance web server and a reverse proxy server...
[[0;32m  OK  [0m] Started Snappy daemon.
         Starting Auto import assertions from block devices...
         Starting /etc/rc.local Compatibility...
         Starting Accounts Service...
         Starting LSB: MD monitoring daemon...
         Starting Login Service...
         Starting Apply the settings specified in cloud-config...
[[0;32m  OK  [0m] Started ACPI event daemon.
[[0;32m  OK  [0m] Started D-Bus System Message Bus.
[   45.061727] cloud-init[1165]: Cloud-init v. 0.7.9 running 'modules:config' at Sat, 23 Dec 2017 04:01:24 +0000. Up 44.23 seconds.
[[0;32m  OK  [0m] Started FUSE filesystem for LXC.
         Starting MySQL Community Server...
         Starting The PHP 7.0 FastCGI Process Manager...
[[0;32m  OK  [0m] Started Unattended Upgrades Shutdown.
         Starting vboxadd-x11.service...
         Starting LSB: Record successful boot for GRUB...
[[0;32m  OK  [0m] Started Regular background program processing daemon.
[[0;32m  OK  [0m] Started System Logging Service.
[[0;32m  OK  [0m] Started OpenBSD Secure Shell server.
[[0;32m  OK  [0m] Started Auto import assertions from block devices.
[[0;32m  OK  [0m] Started /etc/rc.local Compatibility.
[[0;32m  OK  [0m] Started Apply the settings specified in cloud-config.
[[0;32m  OK  [0m] Started vboxadd-x11.service.
[[0;32m  OK  [0m] Started vboxadd.service.
[[0;32m  OK  [0m] Started Login Service.
         Starting Authenticate and Authorize Users to Run Privileged Tasks...
         Starting vboxadd-service.service...
[[0;32m  OK  [0m] Started Login to default iSCSI targets.
[[0;32m  OK  [0m] Started LSB: Record successful boot for GRUB.
[[0;32m  OK  [0m] Reached target Remote File Systems (Pre).
[[0;32m  OK  [0m] Reached target Remote File Systems.
         Starting LSB: Set the CPU Frequency Scaling governor to "ondemand"...
         Starting LSB: automatic crash report generation...
         Starting LSB: daemon to balance interrupts for SMP systems...
         Starting Permit User Sessions...
[[0;32m  OK  [0m] Started LSB: MD monitoring daemon.
[[0;32m  OK  [0m] Started Permit User Sessions.
[[0;32m  OK  [0m] Started vboxadd-service.service.
[[0;1;31mFAILED[0m] Failed to start A high performance ...rver and a reverse proxy server.
See 'systemctl status nginx.service' for details.
[[0;32m  OK  [0m] Started Authenticate and Authorize Users to Run Privileged Tasks.
[[0;32m  OK  [0m] Started Accounts Service.
[[0;32m  OK  [0m] Started LSB: Set the CPU Frequency Scaling governor to "ondemand".
[[0;32m  OK  [0m] Started LSB: daemon to balance interrupts for SMP systems.
[[0;32m  OK  [0m] Started LSB: automatic crash report generation.
[[0;32m  OK  [0m] Created slice User Slice of ubuntu.
[[0;32m  OK  [0m] Started Session 1 of user ubuntu.
         Starting User Manager for UID 1000...
         Starting Hold until boot process finishes up...
         Starting Terminate Plymouth Boot Screen...
[[0;32m  OK  [0m] Started Hold until boot process finishes up.
[[0;32m  OK  [0m] Started Terminate Plymouth Boot Screen.
[[0;32m  OK  [0m] Started User Manager for UID 1000.
[[0;32m  OK  [0m] Started Serial Getty on ttyS0.
[[0;32m  OK  [0m] Started Getty on tty1.
[[0;32m  OK  [0m] Reached target Login Prompts.
         Starting Set console scheme...
[[0;32m  OK  [0m] Started LXD - container startup/shutdown.
[[0;32m  OK  [0m] Started Set console scheme.
[[0;32m  OK  [0m] Started The PHP 7.0 FastCGI Process Manager.

Ubuntu 16.04.3 LTS ubuntu-xenial ttyS0

ubuntu-xenial login: [   58.927779] cloud-init[1645]: Cloud-init v. 0.7.9 running 'modules:final' at Sat, 23 Dec 2017 04:01:38 +0000. Up 58.50 seconds.
[   58.928277] cloud-init[1645]: Cloud-init v. 0.7.9 finished at Sat, 23 Dec 2017 04:01:38 +0000. Datasource DataSourceNoCloud [seed=/dev/sdb][dsmode=net].  Up 58.89 seconds
